<?xml version="1.0" encoding="UTF-8"?>
<!-- Generated by org.testng.reporters.JUnitXMLReporter -->
<testsuite ignored="0" hostname="shivprasad-ThinkPad-T460" failures="0" tests="3" name="LoginTest" time="22.533" errors="0" timestamp="2023-07-15T22:31:28 IST">
  <testcase classname="dev.TestCases.LoginPageTesting" name="VerfiyLoginPageTitleTest" time="4.168"/>
  <testcase classname="dev.TestCases.LoginPageTesting" name="VerifyTextOnPageTest" time="4.545"/>
  <testcase classname="dev.TestCases.TC_LoginTest" name="loginTest" time="9.025"/>
</testsuite> <!-- LoginTest -->
